<?xml version="1.0" encoding="UTF-8"?>
<testsuite name="main.MainServiceTest" tests="2" skipped="0" failures="0" errors="0" timestamp="2022-06-07T15:20:53" hostname="SKORBATYUK" time="0.016">
  <properties/>
  <testcase name="getCurrencyValue()" classname="main.MainServiceTest" time="0.015"/>
  <testcase name="getGifUrl()" classname="main.MainServiceTest" time="0.0"/>
  <system-out><![CDATA[]]></system-out>
  <system-err><![CDATA[]]></system-err>
</testsuite>
